-------------------------------------------------------------------------------
Test set: tests.CreateOrderTest
-------------------------------------------------------------------------------
Tests run: 5, Failures: 0, Errors: 5, Skipped: 0, Time elapsed: 0.025 s <<< FAILURE! - in tests.CreateOrderTest
createOrderParameterizedColorScooterTest[0](tests.CreateOrderTest)  Time elapsed: 0.005 s  <<< ERROR!
java.lang.IllegalArgumentException: argument type mismatch

createOrderParameterizedColorScooterTest[1](tests.CreateOrderTest)  Time elapsed: 0.003 s  <<< ERROR!
java.lang.IllegalArgumentException: argument type mismatch

createOrderParameterizedColorScooterTest[2](tests.CreateOrderTest)  Time elapsed: 0.001 s  <<< ERROR!
java.lang.IllegalArgumentException: argument type mismatch

createOrderParameterizedColorScooterTest[3](tests.CreateOrderTest)  Time elapsed: 0.002 s  <<< ERROR!
java.lang.IllegalArgumentException: argument type mismatch

createOrderParameterizedColorScooterTest[4](tests.CreateOrderTest)  Time elapsed: 0.001 s  <<< ERROR!
java.lang.IllegalArgumentException: argument type mismatch

