-------------------------------------------------------------------------------
Test set: tests.GetOrdersTest
-------------------------------------------------------------------------------
Tests run: 1, Failures: 1, Errors: 0, Skipped: 0, Time elapsed: 0.168 s <<< FAILURE! - in tests.GetOrdersTest
getAllOrders(tests.GetOrdersTest)  Time elapsed: 0.166 s  <<< FAILURE!
java.lang.AssertionError: 
1 expectation failed.
JSON path orders doesn't match.
Expected: a collection with size a value greater than <0>
  Actual: null

	at tests.GetOrdersTest.getAllOrders(GetOrdersTest.java:17)

